{"total": {"lines":{"total":1876,"covered":1461,"skipped":0,"pct":77.87},"statements":{"total":2124,"covered":1624,"skipped":0,"pct":76.45},"functions":{"total":331,"covered":240,"skipped":0,"pct":72.5},"branches":{"total":1062,"covered":704,"skipped":0,"pct":66.29},"branchesTrue":{"total":0,"covered":0,"skipped":0,"pct":100}}
,"/Users/zhouyixing/project/nextpanel/apps/server/src/prisma.service.ts": {"lines":{"total":5,"covered":3,"skipped":0,"pct":60},"functions":{"total":2,"covered":0,"skipped":0,"pct":0},"statements":{"total":7,"covered":5,"skipped":0,"pct":71.42},"branches":{"total":0,"covered":0,"skipped":0,"pct":100}}
,"/Users/zhouyixing/project/nextpanel/apps/server/src/agent/agent.service.ts": {"lines":{"total":86,"covered":81,"skipped":0,"pct":94.18},"functions":{"total":5,"covered":4,"skipped":0,"pct":80},"statements":{"total":90,"covered":83,"skipped":0,"pct":92.22},"branches":{"total":50,"covered":40,"skipped":0,"pct":80}}
,"/Users/zhouyixing/project/nextpanel/apps/server/src/audit/audit.service.ts": {"lines":{"total":8,"covered":8,"skipped":0,"pct":100},"functions":{"total":3,"covered":3,"skipped":0,"pct":100},"statements":{"total":10,"covered":10,"skipped":0,"pct":100},"branches":{"total":6,"covered":4,"skipped":0,"pct":66.66}}
,"/Users/zhouyixing/project/nextpanel/apps/server/src/auth/auth.service.ts": {"lines":{"total":78,"covered":43,"skipped":0,"pct":55.12},"functions":{"total":12,"covered":5,"skipped":0,"pct":41.66},"statements":{"total":84,"covered":48,"skipped":0,"pct":57.14},"branches":{"total":40,"covered":20,"skipped":0,"pct":50}}
,"/Users/zhouyixing/project/nextpanel/apps/server/src/cloudflare/cloudflare-settings.service.ts": {"lines":{"total":23,"covered":23,"skipped":0,"pct":100},"functions":{"total":6,"covered":6,"skipped":0,"pct":100},"statements":{"total":27,"covered":27,"skipped":0,"pct":100},"branches":{"total":8,"covered":8,"skipped":0,"pct":100}}
,"/Users/zhouyixing/project/nextpanel/apps/server/src/cloudflare/cloudflare.service.ts": {"lines":{"total":36,"covered":36,"skipped":0,"pct":100},"functions":{"total":7,"covered":7,"skipped":0,"pct":100},"statements":{"total":41,"covered":41,"skipped":0,"pct":100},"branches":{"total":17,"covered":13,"skipped":0,"pct":76.47}}
,"/Users/zhouyixing/project/nextpanel/apps/server/src/common/cert/cert.service.ts": {"lines":{"total":63,"covered":63,"skipped":0,"pct":100},"functions":{"total":16,"covered":16,"skipped":0,"pct":100},"statements":{"total":73,"covered":72,"skipped":0,"pct":98.63},"branches":{"total":24,"covered":22,"skipped":0,"pct":91.66}}
,"/Users/zhouyixing/project/nextpanel/apps/server/src/common/crypto/crypto.service.ts": {"lines":{"total":24,"covered":24,"skipped":0,"pct":100},"functions":{"total":3,"covered":3,"skipped":0,"pct":100},"statements":{"total":26,"covered":26,"skipped":0,"pct":100},"branches":{"total":2,"covered":2,"skipped":0,"pct":100}}
,"/Users/zhouyixing/project/nextpanel/apps/server/src/external-nodes/external-nodes.service.ts": {"lines":{"total":42,"covered":42,"skipped":0,"pct":100},"functions":{"total":7,"covered":7,"skipped":0,"pct":100},"statements":{"total":51,"covered":51,"skipped":0,"pct":100},"branches":{"total":30,"covered":28,"skipped":0,"pct":93.33}}
,"/Users/zhouyixing/project/nextpanel/apps/server/src/invite-codes/invite-codes.service.ts": {"lines":{"total":16,"covered":12,"skipped":0,"pct":75},"functions":{"total":5,"covered":5,"skipped":0,"pct":100},"statements":{"total":21,"covered":16,"skipped":0,"pct":76.19},"branches":{"total":6,"covered":3,"skipped":0,"pct":50}}
,"/Users/zhouyixing/project/nextpanel/apps/server/src/ip-check/gfw-check.service.ts": {"lines":{"total":20,"covered":2,"skipped":0,"pct":10},"functions":{"total":2,"covered":0,"skipped":0,"pct":0},"statements":{"total":23,"covered":4,"skipped":0,"pct":17.39},"branches":{"total":9,"covered":0,"skipped":0,"pct":0}}
,"/Users/zhouyixing/project/nextpanel/apps/server/src/ip-check/ip-check.service.ts": {"lines":{"total":67,"covered":9,"skipped":0,"pct":13.43},"functions":{"total":11,"covered":0,"skipped":0,"pct":0},"statements":{"total":80,"covered":11,"skipped":0,"pct":13.75},"branches":{"total":40,"covered":0,"skipped":0,"pct":0}}
,"/Users/zhouyixing/project/nextpanel/apps/server/src/ip-check/ip-info.service.ts": {"lines":{"total":22,"covered":2,"skipped":0,"pct":9.09},"functions":{"total":3,"covered":0,"skipped":0,"pct":0},"statements":{"total":28,"covered":4,"skipped":0,"pct":14.28},"branches":{"total":16,"covered":0,"skipped":0,"pct":0}}
,"/Users/zhouyixing/project/nextpanel/apps/server/src/ip-check/route-check/route-check.service.ts": {"lines":{"total":11,"covered":5,"skipped":0,"pct":45.45},"functions":{"total":3,"covered":0,"skipped":0,"pct":0},"statements":{"total":13,"covered":7,"skipped":0,"pct":53.84},"branches":{"total":2,"covered":0,"skipped":0,"pct":0}}
,"/Users/zhouyixing/project/nextpanel/apps/server/src/metrics/metrics.service.ts": {"lines":{"total":11,"covered":11,"skipped":0,"pct":100},"functions":{"total":4,"covered":4,"skipped":0,"pct":100},"statements":{"total":14,"covered":13,"skipped":0,"pct":92.85},"branches":{"total":3,"covered":2,"skipped":0,"pct":66.66}}
,"/Users/zhouyixing/project/nextpanel/apps/server/src/nodes/node-deploy.service.ts": {"lines":{"total":363,"covered":339,"skipped":0,"pct":93.38},"functions":{"total":37,"covered":35,"skipped":0,"pct":94.59},"statements":{"total":402,"covered":371,"skipped":0,"pct":92.28},"branches":{"total":184,"covered":146,"skipped":0,"pct":79.34}}
,"/Users/zhouyixing/project/nextpanel/apps/server/src/nodes/nodes.service.ts": {"lines":{"total":127,"covered":119,"skipped":0,"pct":93.7},"functions":{"total":20,"covered":20,"skipped":0,"pct":100},"statements":{"total":144,"covered":131,"skipped":0,"pct":90.97},"branches":{"total":95,"covered":77,"skipped":0,"pct":81.05}}
,"/Users/zhouyixing/project/nextpanel/apps/server/src/nodes/config/config-generator.ts": {"lines":{"total":17,"covered":17,"skipped":0,"pct":100},"functions":{"total":2,"covered":2,"skipped":0,"pct":100},"statements":{"total":17,"covered":17,"skipped":0,"pct":100},"branches":{"total":14,"covered":14,"skipped":0,"pct":100}}
,"/Users/zhouyixing/project/nextpanel/apps/server/src/nodes/config/singbox-config.ts": {"lines":{"total":34,"covered":34,"skipped":0,"pct":100},"functions":{"total":4,"covered":4,"skipped":0,"pct":100},"statements":{"total":36,"covered":36,"skipped":0,"pct":100},"branches":{"total":47,"covered":43,"skipped":0,"pct":91.48}}
,"/Users/zhouyixing/project/nextpanel/apps/server/src/nodes/config/xray-config.ts": {"lines":{"total":34,"covered":33,"skipped":0,"pct":97.05},"functions":{"total":5,"covered":5,"skipped":0,"pct":100},"statements":{"total":34,"covered":33,"skipped":0,"pct":97.05},"branches":{"total":55,"covered":54,"skipped":0,"pct":98.18}}
,"/Users/zhouyixing/project/nextpanel/apps/server/src/nodes/singbox-test/singbox-test.service.ts": {"lines":{"total":80,"covered":80,"skipped":0,"pct":100},"functions":{"total":19,"covered":19,"skipped":0,"pct":100},"statements":{"total":89,"covered":89,"skipped":0,"pct":100},"branches":{"total":34,"covered":31,"skipped":0,"pct":91.17}}
,"/Users/zhouyixing/project/nextpanel/apps/server/src/nodes/ssh/ssh.util.ts": {"lines":{"total":27,"covered":27,"skipped":0,"pct":100},"functions":{"total":5,"covered":5,"skipped":0,"pct":100},"statements":{"total":31,"covered":31,"skipped":0,"pct":100},"branches":{"total":14,"covered":14,"skipped":0,"pct":100}}
,"/Users/zhouyixing/project/nextpanel/apps/server/src/nodes/xray-test/xray-test.service.ts": {"lines":{"total":110,"covered":109,"skipped":0,"pct":99.09},"functions":{"total":28,"covered":26,"skipped":0,"pct":92.85},"statements":{"total":121,"covered":119,"skipped":0,"pct":98.34},"branches":{"total":46,"covered":42,"skipped":0,"pct":91.3}}
,"/Users/zhouyixing/project/nextpanel/apps/server/src/openrouter/openrouter-settings.service.ts": {"lines":{"total":22,"covered":0,"skipped":0,"pct":0},"functions":{"total":6,"covered":0,"skipped":0,"pct":0},"statements":{"total":27,"covered":0,"skipped":0,"pct":0},"branches":{"total":12,"covered":0,"skipped":0,"pct":0}}
,"/Users/zhouyixing/project/nextpanel/apps/server/src/openrouter/openrouter.service.ts": {"lines":{"total":58,"covered":0,"skipped":0,"pct":0},"functions":{"total":5,"covered":0,"skipped":0,"pct":0},"statements":{"total":67,"covered":0,"skipped":0,"pct":0},"branches":{"total":42,"covered":0,"skipped":0,"pct":0}}
,"/Users/zhouyixing/project/nextpanel/apps/server/src/operation-log/operation-log.service.ts": {"lines":{"total":8,"covered":8,"skipped":0,"pct":100},"functions":{"total":5,"covered":5,"skipped":0,"pct":100},"statements":{"total":10,"covered":10,"skipped":0,"pct":100},"branches":{"total":1,"covered":1,"skipped":0,"pct":100}}
,"/Users/zhouyixing/project/nextpanel/apps/server/src/recommends/recommends.service.ts": {"lines":{"total":21,"covered":0,"skipped":0,"pct":0},"functions":{"total":10,"covered":0,"skipped":0,"pct":0},"statements":{"total":27,"covered":0,"skipped":0,"pct":0},"branches":{"total":34,"covered":0,"skipped":0,"pct":0}}
,"/Users/zhouyixing/project/nextpanel/apps/server/src/rules/rules.service.ts": {"lines":{"total":26,"covered":25,"skipped":0,"pct":96.15},"functions":{"total":6,"covered":5,"skipped":0,"pct":83.33},"statements":{"total":31,"covered":30,"skipped":0,"pct":96.77},"branches":{"total":6,"covered":6,"skipped":0,"pct":100}}
,"/Users/zhouyixing/project/nextpanel/apps/server/src/servers/auto-setup.service.ts": {"lines":{"total":31,"covered":30,"skipped":0,"pct":96.77},"functions":{"total":7,"covered":7,"skipped":0,"pct":100},"statements":{"total":34,"covered":33,"skipped":0,"pct":97.05},"branches":{"total":6,"covered":4,"skipped":0,"pct":66.66}}
,"/Users/zhouyixing/project/nextpanel/apps/server/src/servers/servers.service.ts": {"lines":{"total":208,"covered":188,"skipped":0,"pct":90.38},"functions":{"total":30,"covered":24,"skipped":0,"pct":80},"statements":{"total":226,"covered":200,"skipped":0,"pct":88.49},"branches":{"total":93,"covered":74,"skipped":0,"pct":79.56}}
,"/Users/zhouyixing/project/nextpanel/apps/server/src/subscriptions/subscriptions.service.ts": {"lines":{"total":106,"covered":67,"skipped":0,"pct":63.2},"functions":{"total":36,"covered":19,"skipped":0,"pct":52.77},"statements":{"total":135,"covered":81,"skipped":0,"pct":60},"branches":{"total":74,"covered":42,"skipped":0,"pct":56.75}}
,"/Users/zhouyixing/project/nextpanel/apps/server/src/users/users.service.ts": {"lines":{"total":22,"covered":21,"skipped":0,"pct":95.45},"functions":{"total":5,"covered":4,"skipped":0,"pct":80},"statements":{"total":26,"covered":25,"skipped":0,"pct":96.15},"branches":{"total":14,"covered":14,"skipped":0,"pct":100}}
,"/Users/zhouyixing/project/nextpanel/apps/server/src/wxwork/wxwork-settings.service.ts": {"lines":{"total":22,"covered":0,"skipped":0,"pct":0},"functions":{"total":6,"covered":0,"skipped":0,"pct":0},"statements":{"total":27,"covered":0,"skipped":0,"pct":0},"branches":{"total":12,"covered":0,"skipped":0,"pct":0}}
,"/Users/zhouyixing/project/nextpanel/apps/server/src/wxwork/wxwork.service.ts": {"lines":{"total":48,"covered":0,"skipped":0,"pct":0},"functions":{"total":6,"covered":0,"skipped":0,"pct":0},"statements":{"total":52,"covered":0,"skipped":0,"pct":0},"branches":{"total":26,"covered":0,"skipped":0,"pct":0}}
}
